<?xml version="1.0" encoding="UTF-8" ?>
<testsuite errors="0" failures="0" hostname="mint-PC" name="model.dao.TerrenoDAOTest" skipped="0" tests="2" time="1.115" timestamp="2018-12-04T12:33:44">
  <properties>
    <property name="libs.spring-framework300.classpath" value="/home/ramires/.netbeans-9.0/ide/modules/org-apache-commons-logging.jar:/home/ramires/.netbeans-9.0/java/modules/ext/cglib-2.2.jar:/home/ramires/.netbeans-9.0/java/modules/ext/spring-3.0/spring-aop-3.2.7.RELEASE.jar:/home/ramires/.netbeans-9.0/java/modules/ext/spring-3.0/spring-aspects-3.2.7.RELEASE.jar:/home/ramires/.netbeans-9.0/java/modules/ext/spring-3.0/spring-beans-3.2.7.RELEASE.jar:/home/ramires/.netbeans-9.0/java/modules/ext/spring-3.0/spring-build-src-3.2.7.RELEASE.jar:/home/ramires/.netbeans-9.0/java/modules/ext/spring-3.0/spring-context-3.2.7.RELEASE.jar:/home/ramires/.netbeans-9.0/java/modules/ext/spring-3.0/spring-context-support-3.2.7.RELEASE.jar:/home/ramires/.netbeans-9.0/java/modules/ext/spring-3.0/spring-core-3.2.7.RELEASE.jar:/home/ramires/.netbeans-9.0/java/modules/ext/spring-3.0/spring-expression-3.2.7.RELEASE.jar:/home/ramires/.netbeans-9.0/java/modules/ext/spring-3.0/spring-framework-bom-3.2.7.RELEASE.jar:/home/ramires/.netbeans-9.0/java/modules/ext/spring-3.0/spring-instrument-3.2.7.RELEASE.jar:/home/ramires/.netbeans-9.0/java/modules/ext/spring-3.0/spring-instrument-tomcat-3.2.7.RELEASE.jar:/home/ramires/.netbeans-9.0/java/modules/ext/spring-3.0/spring-jdbc-3.2.7.RELEASE.jar:/home/ramires/.netbeans-9.0/java/modules/ext/spring-3.0/spring-jms-3.2.7.RELEASE.jar:/home/ramires/.netbeans-9.0/java/modules/ext/spring-3.0/spring-orm-3.2.7.RELEASE.jar:/home/ramires/.netbeans-9.0/java/modules/ext/spring-3.0/spring-oxm-3.2.7.RELEASE.jar:/home/ramires/.netbeans-9.0/java/modules/ext/spring-3.0/spring-struts-3.2.7.RELEASE.jar:/home/ramires/.netbeans-9.0/java/modules/ext/spring-3.0/spring-test-3.2.7.RELEASE.jar:/home/ramires/.netbeans-9.0/java/modules/ext/spring-3.0/spring-tx-3.2.7.RELEASE.jar:/home/ramires/.netbeans-9.0/java/modules/ext/spring-3.0/spring-web-3.2.7.RELEASE.jar:/home/ramires/.netbeans-9.0/java/modules/ext/spring-3.0/spring-webmvc-3.2.7.RELEASE.jar:/home/ramires/.netbeans-9.0/java/modules/ext/spring-3.0/spring-webmvc-portlet-3.2.7.RELEASE.jar" />
    <property name="javac.test.classpath" value="/usr/share/java/mysql-connector-java-8.0.13.jar:/home/ramires/.netbeans-9.0/java/modules/ext/AbsoluteLayout.jar:/home/ramires/.netbeans-9.0/platform/modules/ext/hamcrest-core-1.3.jar:/home/ramires/.netbeans-9.0/platform/modules/ext/junit-4.12.jar:/home/ramires/GIT/SIGMA/SIGMA/gson-2.6.2.jar:build/classes" />
    <property name="javac.includesfile.binary" value="/home/ramires/GIT/SIGMA/SIGMA/null757968567" />
    <property name="java.specification.version" value="10" />
    <property name="sun.cpu.isalist" value="" />
    <property name="jar.index.metainf" value="false" />
    <property name="javadoc.preview" value="true" />
    <property name="do.depend" value="false" />
    <property name="libs.spring-framework400.classpath" value="/home/ramires/.netbeans-9.0/ide/modules/org-apache-commons-logging.jar:/home/ramires/.netbeans-9.0/java/modules/ext/cglib-2.2.jar:/home/ramires/.netbeans-9.0/java/modules/ext/spring-4/spring-aop-4.0.1.RELEASE.jar:/home/ramires/.netbeans-9.0/java/modules/ext/spring-4/spring-aspects-4.0.1.RELEASE.jar:/home/ramires/.netbeans-9.0/java/modules/ext/spring-4/spring-beans-4.0.1.RELEASE.jar:/home/ramires/.netbeans-9.0/java/modules/ext/spring-4/spring-build-src-4.0.1.RELEASE.jar:/home/ramires/.netbeans-9.0/java/modules/ext/spring-4/spring-context-4.0.1.RELEASE.jar:/home/ramires/.netbeans-9.0/java/modules/ext/spring-4/spring-context-support-4.0.1.RELEASE.jar:/home/ramires/.netbeans-9.0/java/modules/ext/spring-4/spring-core-4.0.1.RELEASE.jar:/home/ramires/.netbeans-9.0/java/modules/ext/spring-4/spring-expression-4.0.1.RELEASE.jar:/home/ramires/.netbeans-9.0/java/modules/ext/spring-4/spring-framework-bom-4.0.1.RELEASE.jar:/home/ramires/.netbeans-9.0/java/modules/ext/spring-4/spring-instrument-4.0.1.RELEASE.jar:/home/ramires/.netbeans-9.0/java/modules/ext/spring-4/spring-instrument-tomcat-4.0.1.RELEASE.jar:/home/ramires/.netbeans-9.0/java/modules/ext/spring-4/spring-jdbc-4.0.1.RELEASE.jar:/home/ramires/.netbeans-9.0/java/modules/ext/spring-4/spring-jms-4.0.1.RELEASE.jar:/home/ramires/.netbeans-9.0/java/modules/ext/spring-4/spring-messaging-4.0.1.RELEASE.jar:/home/ramires/.netbeans-9.0/java/modules/ext/spring-4/spring-orm-4.0.1.RELEASE.jar:/home/ramires/.netbeans-9.0/java/modules/ext/spring-4/spring-oxm-4.0.1.RELEASE.jar:/home/ramires/.netbeans-9.0/java/modules/ext/spring-4/spring-test-4.0.1.RELEASE.jar:/home/ramires/.netbeans-9.0/java/modules/ext/spring-4/spring-tx-4.0.1.RELEASE.jar:/home/ramires/.netbeans-9.0/java/modules/ext/spring-4/spring-web-4.0.1.RELEASE.jar:/home/ramires/.netbeans-9.0/java/modules/ext/spring-4/spring-webmvc-4.0.1.RELEASE.jar:/home/ramires/.netbeans-9.0/java/modules/ext/spring-4/spring-webmvc-portlet-4.0.1.RELEASE.jar:/home/ramires/.netbeans-9.0/java/modules/ext/spring-4/spring-websocket-4.0.1.RELEASE.jar" />
    <property name="sun.arch.data.model" value="64" />
    <property name="test.binaryincludes" value="&lt;nothing&gt;" />
    <property name="nb.show.statistics.ui" value="usageStatisticsEnabled" />
    <property name="sun.font.fontmanager" value="sun.awt.X11FontManager" />
    <property name="debug-transport" value="dt_socket" />
    <property name="do.jlink" value="false" />
    <property name="java.vendor.url" value="http://java.oracle.com/" />
    <property name="annotation.processing.enabled" value="true" />
    <property name="libs.orgJSON.maven-pom" value="" />
    <property name="libs.OWMJapi.maven-pom" value="" />
    <property name="debug.modulepath" value="" />
    <property name="libs.jaxb.classpath" value="/home/ramires/.netbeans-9.0/ide/modules/ext/jaxb/jaxb-impl-2.2.5-2.jar:/home/ramires/.netbeans-9.0/ide/modules/ext/jaxb/jaxb-xjc-2.2.5-2.jar:/home/ramires/.netbeans-9.0/ide/modules/ext/jaxb/jaxb1-impl-2.2.5-2.jar:/home/ramires/.netbeans-9.0/ide/modules/ext/jaxb/activation.jar:/home/ramires/.netbeans-9.0/ide/modules/ext/jaxb/api/jaxb-api.jar" />
    <property name="libs.eclipselink.javadoc" value="/home/ramires/.netbeans-9.0/java/modules/ext/docs/javax.persistence-2.1.0-doc.zip" />
    <property name="libs.JWSAntTasks.javadoc" value="" />
    <property name="sun.boot.library.path" value="/usr/lib/jvm/jdk-10.0.2/lib" />
    <property name="platform.home" value="/usr/lib/jvm/jdk-10.0.2" />
    <property name="sun.java.command" value="org.apache.tools.ant.taskdefs.optional.junit.JUnitTestRunner model.dao.TerrenoDAOTest skipNonTests=false filtertrace=true haltOnError=false haltOnFailure=false showoutput=true outputtoformatters=true logfailedtests=true threadid=0 logtestlistenerevents=true formatter=org.apache.tools.ant.taskdefs.optional.junit.BriefJUnitResultFormatter formatter=org.apache.tools.ant.taskdefs.optional.junit.XMLJUnitResultFormatter,/home/ramires/GIT/SIGMA/SIGMA/build/test/results/TEST-model.dao.TerrenoDAOTest.xml crashfile=/home/ramires/GIT/SIGMA/SIGMA/build/junitvmwatcher6742690727701284932.properties propsfile=/home/ramires/GIT/SIGMA/SIGMA/build/junit6808180442147822194.properties" />
    <property name="libs.CopyLibs.src" value="" />
    <property name="jdk.debug" value="release" />
    <property name="libs.spring-framework300.src" value="" />
    <property name="javac.source" value="10" />
    <property name="java.specification.vendor" value="Oracle Corporation" />
    <property name="javadoc.use" value="true" />
    <property name="libs.javac-api.maven-pom" value="" />
    <property name="java.version.date" value="2018-07-17" />
    <property name="javadoc.notree" value="false" />
    <property name="java.home" value="/usr/lib/jvm/jdk-10.0.2" />
    <property name="libs.OWMJapi.src" value="/home/ramires/GIT/SIGMA/SIGMA/OWM-JAPI/OWM JAPIs v2.5.2.3/libs/owm-japis-2.5.2.3-sources.jar" />
    <property name="basedir" value="/home/ramires/GIT/SIGMA/SIGMA" />
    <property name="application.vendor" value="ramires" />
    <property name="ant.file.SIGMA" value="/home/ramires/GIT/SIGMA/SIGMA/build.xml" />
    <property name="work.dir" value="/home/ramires/GIT/SIGMA/SIGMA" />
    <property name="java.specification.name" value="Java Platform API Specification" />
    <property name="javac.test.compilerargs" value="" />
    <property name="jna.boot.library.name" value="jnidispatch-440" />
    <property name="java.vm.specification.vendor" value="Oracle Corporation" />
    <property name="libs.PostgreSQLDriver.classpath" value="/home/ramires/.netbeans-9.0/ide/modules/ext/postgresql-9.4.1209.jar" />
    <property name="libs.javac-api.javadoc" value="" />
    <property name="libs.JAXB-ENDORSED.src" value="" />
    <property name="netbeans.extbrowser.manual_chrome_plugin_install" value="yes" />
    <property name="manifest.encoding" value="UTF-8" />
    <property name="netbeans.default_userdir_root" value="/home/ramires/.netbeans" />
    <property name="libs.spring-framework400.src" value="" />
    <property name="sun.management.compiler" value="HotSpot 64-Bit Tiered Compilers" />
    <property name="jdk.home" value="/usr/lib/jvm/java-11-openjdk-amd64" />
    <property name="run.test.modulepath" value="" />
    <property name="java.runtime.version" value="10.0.2+13" />
    <property name="libs.eclipselink.maven-pom" value="" />
    <property name="libs.JAXB-ENDORSED.javadoc" value="" />
    <property name="debug.test.modulepath" value="" />
    <property name="sun.java2d.noddraw" value="true" />
    <property name="file.encoding" value="UTF-8" />
    <property name="platform.bootcp" value="/usr/lib/jvm/jdk-10.0.2/!/modules/java.activation/:/usr/lib/jvm/jdk-10.0.2/!/modules/java.base/:/usr/lib/jvm/jdk-10.0.2/!/modules/java.compiler/:/usr/lib/jvm/jdk-10.0.2/!/modules/java.corba/:/usr/lib/jvm/jdk-10.0.2/!/modules/java.datatransfer/:/usr/lib/jvm/jdk-10.0.2/!/modules/java.desktop/:/usr/lib/jvm/jdk-10.0.2/!/modules/java.instrument/:/usr/lib/jvm/jdk-10.0.2/!/modules/java.jnlp/:/usr/lib/jvm/jdk-10.0.2/!/modules/java.logging/:/usr/lib/jvm/jdk-10.0.2/!/modules/java.management/:/usr/lib/jvm/jdk-10.0.2/!/modules/java.management.rmi/:/usr/lib/jvm/jdk-10.0.2/!/modules/java.naming/:/usr/lib/jvm/jdk-10.0.2/!/modules/java.prefs/:/usr/lib/jvm/jdk-10.0.2/!/modules/java.rmi/:/usr/lib/jvm/jdk-10.0.2/!/modules/java.scripting/:/usr/lib/jvm/jdk-10.0.2/!/modules/java.se/:/usr/lib/jvm/jdk-10.0.2/!/modules/java.se.ee/:/usr/lib/jvm/jdk-10.0.2/!/modules/java.security.jgss/:/usr/lib/jvm/jdk-10.0.2/!/modules/java.security.sasl/:/usr/lib/jvm/jdk-10.0.2/!/modules/java.smartcardio/:/usr/lib/jvm/jdk-10.0.2/!/modules/java.sql/:/usr/lib/jvm/jdk-10.0.2/!/modules/java.sql.rowset/:/usr/lib/jvm/jdk-10.0.2/!/modules/java.transaction/:/usr/lib/jvm/jdk-10.0.2/!/modules/java.xml/:/usr/lib/jvm/jdk-10.0.2/!/modules/java.xml.bind/:/usr/lib/jvm/jdk-10.0.2/!/modules/java.xml.crypto/:/usr/lib/jvm/jdk-10.0.2/!/modules/java.xml.ws/:/usr/lib/jvm/jdk-10.0.2/!/modules/java.xml.ws.annotation/:/usr/lib/jvm/jdk-10.0.2/!/modules/javafx.base/:/usr/lib/jvm/jdk-10.0.2/!/modules/javafx.controls/:/usr/lib/jvm/jdk-10.0.2/!/modules/javafx.deploy/:/usr/lib/jvm/jdk-10.0.2/!/modules/javafx.fxml/:/usr/lib/jvm/jdk-10.0.2/!/modules/javafx.graphics/:/usr/lib/jvm/jdk-10.0.2/!/modules/javafx.media/:/usr/lib/jvm/jdk-10.0.2/!/modules/javafx.swing/:/usr/lib/jvm/jdk-10.0.2/!/modules/javafx.web/:/usr/lib/jvm/jdk-10.0.2/!/modules/jdk.accessibility/:/usr/lib/jvm/jdk-10.0.2/!/modules/jdk.aot/:/usr/lib/jvm/jdk-10.0.2/!/modules/jdk.attach/:/usr/lib/jvm/jdk-10.0.2/!/modules/jdk.charsets/:/usr/lib/jvm/jdk-10.0.2/!/modules/jdk.compiler/:/usr/lib/jvm/jdk-10.0.2/!/modules/jdk.crypto.cryptoki/:/usr/lib/jvm/jdk-10.0.2/!/modules/jdk.crypto.ec/:/usr/lib/jvm/jdk-10.0.2/!/modules/jdk.deploy/:/usr/lib/jvm/jdk-10.0.2/!/modules/jdk.deploy.controlpanel/:/usr/lib/jvm/jdk-10.0.2/!/modules/jdk.dynalink/:/usr/lib/jvm/jdk-10.0.2/!/modules/jdk.editpad/:/usr/lib/jvm/jdk-10.0.2/!/modules/jdk.hotspot.agent/:/usr/lib/jvm/jdk-10.0.2/!/modules/jdk.httpserver/:/usr/lib/jvm/jdk-10.0.2/!/modules/jdk.incubator.httpclient/:/usr/lib/jvm/jdk-10.0.2/!/modules/jdk.internal.ed/:/usr/lib/jvm/jdk-10.0.2/!/modules/jdk.internal.jvmstat/:/usr/lib/jvm/jdk-10.0.2/!/modules/jdk.internal.le/:/usr/lib/jvm/jdk-10.0.2/!/modules/jdk.internal.opt/:/usr/lib/jvm/jdk-10.0.2/!/modules/jdk.internal.vm.ci/:/usr/lib/jvm/jdk-10.0.2/!/modules/jdk.internal.vm.compiler/:/usr/lib/jvm/jdk-10.0.2/!/modules/jdk.internal.vm.compiler.management/:/usr/lib/jvm/jdk-10.0.2/!/modules/jdk.jartool/:/usr/lib/jvm/jdk-10.0.2/!/modules/jdk.javadoc/:/usr/lib/jvm/jdk-10.0.2/!/modules/jdk.javaws/:/usr/lib/jvm/jdk-10.0.2/!/modules/jdk.jcmd/:/usr/lib/jvm/jdk-10.0.2/!/modules/jdk.jconsole/:/usr/lib/jvm/jdk-10.0.2/!/modules/jdk.jdeps/:/usr/lib/jvm/jdk-10.0.2/!/modules/jdk.jdi/:/usr/lib/jvm/jdk-10.0.2/!/modules/jdk.jdwp.agent/:/usr/lib/jvm/jdk-10.0.2/!/modules/jdk.jfr/:/usr/lib/jvm/jdk-10.0.2/!/modules/jdk.jlink/:/usr/lib/jvm/jdk-10.0.2/!/modules/jdk.jshell/:/usr/lib/jvm/jdk-10.0.2/!/modules/jdk.jsobject/:/usr/lib/jvm/jdk-10.0.2/!/modules/jdk.jstatd/:/usr/lib/jvm/jdk-10.0.2/!/modules/jdk.localedata/:/usr/lib/jvm/jdk-10.0.2/!/modules/jdk.management/:/usr/lib/jvm/jdk-10.0.2/!/modules/jdk.management.agent/:/usr/lib/jvm/jdk-10.0.2/!/modules/jdk.management.cmm/:/usr/lib/jvm/jdk-10.0.2/!/modules/jdk.management.jfr/:/usr/lib/jvm/jdk-10.0.2/!/modules/jdk.management.resource/:/usr/lib/jvm/jdk-10.0.2/!/modules/jdk.naming.dns/:/usr/lib/jvm/jdk-10.0.2/!/modules/jdk.naming.rmi/:/usr/lib/jvm/jdk-10.0.2/!/modules/jdk.net/:/usr/lib/jvm/jdk-10.0.2/!/modules/jdk.pack/:/usr/lib/jvm/jdk-10.0.2/!/modules/jdk.packager/:/usr/lib/jvm/jdk-10.0.2/!/modules/jdk.packager.services/:/usr/lib/jvm/jdk-10.0.2/!/modules/jdk.plugin/:/usr/lib/jvm/jdk-10.0.2/!/modules/jdk.plugin.server/:/usr/lib/jvm/jdk-10.0.2/!/modules/jdk.rmic/:/usr/lib/jvm/jdk-10.0.2/!/modules/jdk.scripting.nashorn/:/usr/lib/jvm/jdk-10.0.2/!/modules/jdk.scripting.nashorn.shell/:/usr/lib/jvm/jdk-10.0.2/!/modules/jdk.sctp/:/usr/lib/jvm/jdk-10.0.2/!/modules/jdk.security.auth/:/usr/lib/jvm/jdk-10.0.2/!/modules/jdk.security.jgss/:/usr/lib/jvm/jdk-10.0.2/!/modules/jdk.snmp/:/usr/lib/jvm/jdk-10.0.2/!/modules/jdk.unsupported/:/usr/lib/jvm/jdk-10.0.2/!/modules/jdk.xml.bind/:/usr/lib/jvm/jdk-10.0.2/!/modules/jdk.xml.dom/:/usr/lib/jvm/jdk-10.0.2/!/modules/jdk.xml.ws/:/usr/lib/jvm/jdk-10.0.2/!/modules/jdk.zipfs/:/usr/lib/jvm/jdk-10.0.2/!/modules/oracle.desktop/:/usr/lib/jvm/jdk-10.0.2/!/modules/oracle.net/" />
    <property name="sun.zip.disableMemoryMapping" value="true" />
    <property name="java.util.logging.config.class" value="org.netbeans.core.startup.TopLogging" />
    <property name="libs.MySQLDriver.maven-pom" value="" />
    <property name="https.nonProxyHosts" value="localhost|127.0.0.1|mint-PC" />
    <property name="java.vendor.version" value="18.3" />
    <property name="dist.archive.excludes" value="" />
    <property name="libs.absolutelayout.classpath" value="/home/ramires/.netbeans-9.0/java/modules/ext/AbsoluteLayout.jar" />
    <property name="java.io.tmpdir" value="/tmp" />
    <property name="org.openide.awt.ActionReference.completion" value="org.netbeans.modules.apisupport.project.layers.PathCompletions" />
    <property name="do.archive" value="true" />
    <property name="java.version" value="10.0.2" />
    <property name="java.vm.specification.name" value="Java Virtual Machine Specification" />
    <property name="java.awt.printerjob" value="sun.print.PSPrinterJob" />
    <property name="built-jar.properties" value="/home/ramires/GIT/SIGMA/SIGMA/build/built-jar.properties" />
    <property name="nb.native.filechooser" value="false" />
    <property name="libs.testng.src" value="" />
    <property name="libs.orgJSON.javadoc" value="" />
    <property name="libs.hamcrest.src" value="" />
    <property name="platform.active" value="JDK_10" />
    <property name="java.library.path" value="/usr/java/packages/lib:/usr/lib64:/lib64:/lib:/usr/lib" />
    <property name="java.vendor" value="Oracle Corporation" />
    <property name="manifest.file" value="manifest.mf" />
    <property name="libs.testng.javadoc" value="/home/ramires/.netbeans-9.0/platform/docs/testng-6.8.1-javadoc.zip" />
    <property name="meta.inf.dir" value="src/META-INF" />
    <property name="sun.io.unicode.encoding" value="UnicodeLittle" />
    <property name="run.upgrademodulepath" value="" />
    <property name="libs.GSON.maven-pom" value="" />
    <property name="compile.on.save" value="false" />
    <property name="libs.testng.maven-pom" value="" />
    <property name="org.openide.version" value="deprecated" />
    <property name="sun.desktop" value="gnome" />
    <property name="default.javac.source" value="10" />
    <property name="netbeans.dynamic.classpath" value="/home/ramires/.netbeans-9.0/platform/core/asm-all-5.0.1.jar:/home/ramires/.netbeans-9.0/platform/core/org-openide-filesystems.jar:/home/ramires/.netbeans-9.0/platform/core/org-openide-filesystems-compat8.jar:/home/ramires/.netbeans-9.0/platform/core/core.jar:/home/ramires/.netbeans-9.0/platform/core/org-netbeans-libs-asm.jar:/home/ramires/.netbeans-9.0/platform/core/core-base.jar:/home/ramires/.netbeans-9.0/nb/core/org-netbeans-upgrader.jar:/home/ramires/.netbeans-9.0/nb/core/locale/core_nb.jar" />
    <property name="test.includes" value="model/dao/TerrenoDAOTest.java" />
    <property name="run.classpath" value="/usr/share/java/mysql-connector-java-8.0.13.jar:/home/ramires/.netbeans-9.0/java/modules/ext/AbsoluteLayout.jar:/home/ramires/.netbeans-9.0/platform/modules/ext/hamcrest-core-1.3.jar:/home/ramires/.netbeans-9.0/platform/modules/ext/junit-4.12.jar:/home/ramires/GIT/SIGMA/SIGMA/gson-2.6.2.jar:build/classes" />
    <property name="libs.jaxb.src" value="" />
    <property name="libs.eclipselinkmodelgen.classpath" value="/home/ramires/.netbeans-9.0/java/modules/ext/eclipselink/org.eclipse.persistence.jpa.modelgen.processor-2.5.2.jar" />
    <property name="libs.GSON.javadoc" value="" />
    <property name="javac.systemmodulepath.cmd.line.arg" value="" />
    <property name="sun.awt.enableExtraMouseButtons" value="true" />
    <property name="test.src.dir" value="test" />
    <property name="org.openide.major.version" value="IDE/1" />
    <property name="libs.spring-framework300.javadoc" value="" />
    <property name="netbeans.buildnumber" value="incubator-netbeans-release-334-on-20180708" />
    <property name="ap.proc.none.internal" value="" />
    <property name="org.openide.specification.version" value="6.2" />
    <property name="endorsed.classpath.cmd.line.arg" value="" />
    <property name="user.timezone" value="" />
    <property name="libs.jpa20-persistence.maven-pom" value="" />
    <property name="jar.index" value="false" />
    <property name="libs.jpa20-persistence.classpath" value="/home/ramires/.netbeans-9.0/java/modules/ext/eclipselink/javax.persistence-2.1.0.jar" />
    <property name="libs.CopyLibs.maven-pom" value="" />
    <property name="libs.eclipselinkmodelgen.javadoc" value="" />
    <property name="build.sysclasspath" value="ignore" />
    <property name="os.name" value="Linux" />
    <property name="java.vm.specification.version" value="10" />
    <property name="javadoc.noindex" value="false" />
    <property name="platforms.JDK_10.compiler" value="modern" />
    <property name="javadoc.private" value="false" />
    <property name="platforms.JDK11.home" value="/usr/lib/jvm/jdk-11" />
    <property name="http.nonProxyHosts" value="localhost|127.0.0.1|mint-PC" />
    <property name="javadoc.author" value="false" />
    <property name="main.class" value="view.TelaLogin" />
    <property name="libs.JAXB-ENDORSED.maven-pom" value="" />
    <property name="user.home" value="/home/ramires" />
    <property name="source.encoding" value="UTF-8" />
    <property name="libs.eclipselinkmodelgen.maven-pom" value="" />
    <property name="jar.compress" value="false" />
    <property name="have.sources" value="true" />
    <property name="annotation.processing.processors.list" value="" />
    <property name="jlink.launcher" value="false" />
    <property name="javac.deprecation" value="false" />
    <property name="java.awt.graphicsenv" value="sun.awt.X11GraphicsEnvironment" />
    <property name="platform.javac" value="/usr/lib/jvm/jdk-10.0.2/bin/javac" />
    <property name="build.generated.sources.dir" value="build/generated-sources" />
    <property name="apple.awt.graphics.UseQuartz" value="true" />
    <property name="plugin.manager.check.updates" value="false" />
    <property name="run.jvmargs" value="" />
    <property name="netbeans.autoupdate.language" value="pt" />
    <property name="build.compiler.emacs" value="true" />
    <property name="libs.eclipselinkmodelgen.src" value="" />
    <property name="build.classes.excludes" value="**/*.java,**/*.form" />
    <property name="dist.jar" value="dist/SIGMA.jar" />
    <property name="ant.file" value="/home/ramires/GIT/SIGMA/SIGMA/build.xml" />
    <property name="modules.supported.internal" value="true" />
    <property name="path.separator" value=":" />
    <property name="libs.OWMJapi.classpath" value="/home/ramires/GIT/SIGMA/SIGMA/OWM-JAPI/OWM JAPIs v2.5.2.3/libs/owm-japis-2.5.2.3.jar" />
    <property name="libs.JAXB-ENDORSED.classpath" value="/home/ramires/.netbeans-9.0/ide/modules/ext/jaxb/api/jaxb-api.jar" />
    <property name="os.version" value="4.15.0-42-generic" />
    <property name="netbeans.home" value="/home/ramires/.netbeans-9.0/platform" />
    <property name="libs.CopyLibs.javadoc" value="" />
    <property name="debug-transport-by-os" value="dt_socket" />
    <property name="platforms.JDK11.bootclasspath" value="/usr/lib/jvm/jdk-11/!/modules/java.base/:/usr/lib/jvm/jdk-11/!/modules/java.compiler/:/usr/lib/jvm/jdk-11/!/modules/java.datatransfer/:/usr/lib/jvm/jdk-11/!/modules/java.desktop/:/usr/lib/jvm/jdk-11/!/modules/java.instrument/:/usr/lib/jvm/jdk-11/!/modules/java.logging/:/usr/lib/jvm/jdk-11/!/modules/java.management/:/usr/lib/jvm/jdk-11/!/modules/java.management.rmi/:/usr/lib/jvm/jdk-11/!/modules/java.naming/:/usr/lib/jvm/jdk-11/!/modules/java.net.http/:/usr/lib/jvm/jdk-11/!/modules/java.prefs/:/usr/lib/jvm/jdk-11/!/modules/java.rmi/:/usr/lib/jvm/jdk-11/!/modules/java.scripting/:/usr/lib/jvm/jdk-11/!/modules/java.se/:/usr/lib/jvm/jdk-11/!/modules/java.security.jgss/:/usr/lib/jvm/jdk-11/!/modules/java.security.sasl/:/usr/lib/jvm/jdk-11/!/modules/java.smartcardio/:/usr/lib/jvm/jdk-11/!/modules/java.sql/:/usr/lib/jvm/jdk-11/!/modules/java.sql.rowset/:/usr/lib/jvm/jdk-11/!/modules/java.transaction.xa/:/usr/lib/jvm/jdk-11/!/modules/java.xml/:/usr/lib/jvm/jdk-11/!/modules/java.xml.crypto/:/usr/lib/jvm/jdk-11/!/modules/jdk.accessibility/:/usr/lib/jvm/jdk-11/!/modules/jdk.aot/:/usr/lib/jvm/jdk-11/!/modules/jdk.attach/:/usr/lib/jvm/jdk-11/!/modules/jdk.charsets/:/usr/lib/jvm/jdk-11/!/modules/jdk.compiler/:/usr/lib/jvm/jdk-11/!/modules/jdk.crypto.cryptoki/:/usr/lib/jvm/jdk-11/!/modules/jdk.crypto.ec/:/usr/lib/jvm/jdk-11/!/modules/jdk.dynalink/:/usr/lib/jvm/jdk-11/!/modules/jdk.editpad/:/usr/lib/jvm/jdk-11/!/modules/jdk.hotspot.agent/:/usr/lib/jvm/jdk-11/!/modules/jdk.httpserver/:/usr/lib/jvm/jdk-11/!/modules/jdk.internal.ed/:/usr/lib/jvm/jdk-11/!/modules/jdk.internal.jvmstat/:/usr/lib/jvm/jdk-11/!/modules/jdk.internal.le/:/usr/lib/jvm/jdk-11/!/modules/jdk.internal.opt/:/usr/lib/jvm/jdk-11/!/modules/jdk.internal.vm.ci/:/usr/lib/jvm/jdk-11/!/modules/jdk.internal.vm.compiler/:/usr/lib/jvm/jdk-11/!/modules/jdk.internal.vm.compiler.management/:/usr/lib/jvm/jdk-11/!/modules/jdk.jartool/:/usr/lib/jvm/jdk-11/!/modules/jdk.javadoc/:/usr/lib/jvm/jdk-11/!/modules/jdk.jcmd/:/usr/lib/jvm/jdk-11/!/modules/jdk.jconsole/:/usr/lib/jvm/jdk-11/!/modules/jdk.jdeps/:/usr/lib/jvm/jdk-11/!/modules/jdk.jdi/:/usr/lib/jvm/jdk-11/!/modules/jdk.jdwp.agent/:/usr/lib/jvm/jdk-11/!/modules/jdk.jfr/:/usr/lib/jvm/jdk-11/!/modules/jdk.jlink/:/usr/lib/jvm/jdk-11/!/modules/jdk.jshell/:/usr/lib/jvm/jdk-11/!/modules/jdk.jsobject/:/usr/lib/jvm/jdk-11/!/modules/jdk.jstatd/:/usr/lib/jvm/jdk-11/!/modules/jdk.localedata/:/usr/lib/jvm/jdk-11/!/modules/jdk.management/:/usr/lib/jvm/jdk-11/!/modules/jdk.management.agent/:/usr/lib/jvm/jdk-11/!/modules/jdk.management.jfr/:/usr/lib/jvm/jdk-11/!/modules/jdk.naming.dns/:/usr/lib/jvm/jdk-11/!/modules/jdk.naming.rmi/:/usr/lib/jvm/jdk-11/!/modules/jdk.net/:/usr/lib/jvm/jdk-11/!/modules/jdk.pack/:/usr/lib/jvm/jdk-11/!/modules/jdk.rmic/:/usr/lib/jvm/jdk-11/!/modules/jdk.scripting.nashorn/:/usr/lib/jvm/jdk-11/!/modules/jdk.scripting.nashorn.shell/:/usr/lib/jvm/jdk-11/!/modules/jdk.sctp/:/usr/lib/jvm/jdk-11/!/modules/jdk.security.auth/:/usr/lib/jvm/jdk-11/!/modules/jdk.security.jgss/:/usr/lib/jvm/jdk-11/!/modules/jdk.unsupported/:/usr/lib/jvm/jdk-11/!/modules/jdk.unsupported.desktop/:/usr/lib/jvm/jdk-11/!/modules/jdk.xml.dom/:/usr/lib/jvm/jdk-11/!/modules/jdk.zipfs/" />
    <property name="build.test.results.dir" value="build/test/results" />
    <property name="libs.jaxws21.javadoc" value="/home/ramires/.netbeans-9.0/java/docs/jaxws-api-doc.zip" />
    <property name="libs.spring-framework400.maven-pom" value="" />
    <property name="ap.processors.internal" value="" />
    <property name="java.vm.name" value="Java HotSpot(TM) 64-Bit Server VM" />
    <property name="unnamed.module.internal" value="true" />
    <property name="module.name" value="" />
    <property name="libs.jaxws21.classpath" value="/home/ramires/.netbeans-9.0/java/modules/ext/jaxws22/FastInfoset.jar:/home/ramires/.netbeans-9.0/java/modules/ext/jaxws22/gmbal-api-only.jar:/home/ramires/.netbeans-9.0/java/modules/ext/jaxws22/ha-api.jar:/home/ramires/.netbeans-9.0/java/modules/ext/jaxws22/javax.mail_1.4.jar:/home/ramires/.netbeans-9.0/java/modules/ext/jaxws22/jaxws-rt.jar:/home/ramires/.netbeans-9.0/java/modules/ext/jaxws22/jaxws-tools.jar:/home/ramires/.netbeans-9.0/java/modules/ext/jaxws22/management-api.jar:/home/ramires/.netbeans-9.0/java/modules/ext/jaxws22/mimepull.jar:/home/ramires/.netbeans-9.0/java/modules/ext/jaxws22/policy.jar:/home/ramires/.netbeans-9.0/java/modules/ext/jaxws22/saaj-impl.jar:/home/ramires/.netbeans-9.0/java/modules/ext/jaxws22/stax-ex.jar:/home/ramires/.netbeans-9.0/java/modules/ext/jaxws22/stax2-api.jar:/home/ramires/.netbeans-9.0/java/modules/ext/jaxws22/streambuffer.jar:/home/ramires/.netbeans-9.0/java/modules/ext/jaxws22/woodstox-core-asl.jar:/home/ramires/.netbeans-9.0/java/modules/ext/jaxws22/api/jaxws-api.jar:/home/ramires/.netbeans-9.0/java/modules/ext/jaxws22/api/jsr181-api.jar:/home/ramires/.netbeans-9.0/java/modules/ext/jaxws22/api/javax.annotation.jar:/home/ramires/.netbeans-9.0/java/modules/ext/jaxws22/api/saaj-api.jar:/home/ramires/.netbeans-9.0/ide/modules/ext/jaxb/activation.jar:/home/ramires/.netbeans-9.0/ide/modules/ext/jaxb/api/jaxb-api.jar" />
    <property name="os.arch" value="amd64" />
    <property name="build.generated.dir" value="build/generated" />
    <property name="libs.spring-framework400.javadoc" value="" />
    <property name="libs.hamcrest.javadoc" value="" />
    <property name="libs.javac-api.src" value="" />
    <property name="platform.javadoc.tmp" value="${platforms.JDK_10.javadoc}" />
    <property name="do.jar" value="true" />
    <property name="java.vm.info" value="mixed mode" />
    <property name="libs.jaxws21.maven-pom" value="" />
    <property name="run.test.classpath" value="/usr/share/java/mysql-connector-java-8.0.13.jar:/home/ramires/.netbeans-9.0/java/modules/ext/AbsoluteLayout.jar:/home/ramires/.netbeans-9.0/platform/modules/ext/hamcrest-core-1.3.jar:/home/ramires/.netbeans-9.0/platform/modules/ext/junit-4.12.jar:/home/ramires/GIT/SIGMA/SIGMA/gson-2.6.2.jar:build/classes:build/test/classes" />
    <property name="dist.jlink.output" value="dist/jlink/SIGMA" />
    <property name="javadoc.encoding.used" value="UTF-8" />
    <property name="java.class.version" value="54.0" />
    <property name="src.dir" value="src" />
    <property name="org.netbeans.io.suspend" value="0" />
    <property name="debug.classpath" value="/usr/share/java/mysql-connector-java-8.0.13.jar:/home/ramires/.netbeans-9.0/java/modules/ext/AbsoluteLayout.jar:/home/ramires/.netbeans-9.0/platform/modules/ext/hamcrest-core-1.3.jar:/home/ramires/.netbeans-9.0/platform/modules/ext/junit-4.12.jar:/home/ramires/GIT/SIGMA/SIGMA/gson-2.6.2.jar:build/classes" />
    <property name="ant.project.default-target" value="default" />
    <property name="awt.toolkit" value="sun.awt.X11.XToolkit" />
    <property name="excludes" value="" />
    <property name="platform.java.tmp" value="${platforms.JDK_10.java}" />
    <property name="ant.project.name" value="SIGMA" />
    <property name="dist.javadoc.dir" value="dist/javadoc" />
    <property name="run.test.jvmargs" value="" />
    <property name="libs.junit_4.javadoc" value="/home/ramires/.netbeans-9.0/platform/docs/junit-4.12-javadoc.jar" />
    <property name="sun.jnu.encoding" value="UTF-8" />
    <property name="default.javac.target" value="10" />
    <property name="libs.eclipselink.classpath" value="/home/ramires/.netbeans-9.0/java/modules/ext/eclipselink/org.eclipse.persistence.core-2.5.2.jar:/home/ramires/.netbeans-9.0/java/modules/ext/eclipselink/org.eclipse.persistence.asm-2.5.2.jar:/home/ramires/.netbeans-9.0/java/modules/ext/eclipselink/org.eclipse.persistence.antlr-2.5.2.jar:/home/ramires/.netbeans-9.0/java/modules/ext/eclipselink/org.eclipse.persistence.jpa-2.5.2.jar:/home/ramires/.netbeans-9.0/java/modules/ext/eclipselink/org.eclipse.persistence.jpa.jpql-2.5.2.jar:/home/ramires/.netbeans-9.0/java/modules/ext/eclipselink/javax.persistence-2.1.0.jar" />
    <property name="sun.java2d.dpiaware" value="true" />
    <property name="main.class.available" value="true" />
    <property name="libs.javac-api.classpath" value="" />
    <property name="libs.orgJSON.classpath" value="/home/ramires/GIT/SIGMA/SIGMA/org.json.jar" />
    <property name="netbeans.importclass" value="org.netbeans.upgrade.AutoUpgrade" />
    <property name="libs.PostgreSQLDriver.maven-pom" value="" />
    <property name="netbeans.autoupdate.version" value="1.23" />
    <property name="libs.absolutelayout.src" value="" />
    <property name="empty.dir" value="/home/ramires/GIT/SIGMA/SIGMA/build/empty" />
    <property name="testng.mode" value="testng" />
    <property name="ant.file.type.SIGMA-impl" value="file" />
    <property name="annotation.processing.enabled.in.editor" value="false" />
    <property name="netbeans.user" value="/home/ramires/.netbeans/9.0" />
    <property name="javac.includes.binary" value="/home/ramires/GIT/SIGMA/SIGMA/build/test/classes/model/dao/TerrenoDAOTest.class" />
    <property name="file.separator" value="/" />
    <property name="java.vm.compressedOopsMode" value="32-bit" />
    <property name="line.separator" value="&#xa;" />
    <property name="javadoc.additionalparam" value="" />
    <property name="libs.MySQLDriver.javadoc" value="" />
    <property name="netbeans.productversion" value="Apache NetBeans IDE 9.0 (Build incubator-netbeans-release-334-on-20180708)" />
    <property name="javac.debug" value="true" />
    <property name="libs.GSON.classpath" value="/home/ramires/GIT/SIGMA/SIGMA/gson-2.6.2.jar" />
    <property name="libs.testng.classpath" value="/home/ramires/.netbeans-9.0/platform/modules/ext/testng-6.8.1-dist.jar" />
    <property name="mkdist.disabled" value="false" />
    <property name="user.name" value="ramires" />
    <property name="build.classes.dir" value="build/classes" />
    <property name="nb.junit.single" value="false" />
    <property name="javadoc.windowtitle" value="" />
    <property name="nb.internal.action.name" value="run.single" />
    <property name="libs.absolutelayout.javadoc" value="" />
    <property name="libs.jaxws21.src" value="" />
    <property name="module.build.classes.dir" value="build/classes" />
    <property name="libs.jaxb.maven-pom" value="" />
    <property name="annotation.processing.processor.options" value="" />
    <property name="libs.MySQLDriver.classpath" value="/usr/share/java/mysql-connector-java-8.0.13.jar" />
    <property name="dist.dir" value="dist" />
    <property name="build.dir" value="build" />
    <property name="jna.loaded" value="true" />
    <property name="netbeans.autoupdate.variant" value="" />
    <property name="libs.jpa20-persistence.javadoc" value="/home/ramires/.netbeans-9.0/java/modules/ext/docs/javax.persistence-2.1.0-doc.zip" />
    <property name="javadoc.version" value="false" />
    <property name="ant.junit.enabletestlistenerevents" value="true" />
    <property name="libs.JWSAntTasks.src" value="" />
    <property name="libs.CopyLibs.classpath" value="/home/ramires/.netbeans-9.0/java/ant/extra/org-netbeans-modules-java-j2seproject-copylibstask.jar" />
    <property name="ant.home" value="/home/ramires/.netbeans-9.0/extide/ant" />
    <property name="javac.external.vm" value="true" />
    <property name="sun.os.patch.level" value="unknown" />
    <property name="have.tests" value="true" />
    <property name="debug.test.classpath" value="/usr/share/java/mysql-connector-java-8.0.13.jar:/home/ramires/.netbeans-9.0/java/modules/ext/AbsoluteLayout.jar:/home/ramires/.netbeans-9.0/platform/modules/ext/hamcrest-core-1.3.jar:/home/ramires/.netbeans-9.0/platform/modules/ext/junit-4.12.jar:/home/ramires/GIT/SIGMA/SIGMA/gson-2.6.2.jar:build/classes:build/test/classes" />
    <property name="testng.debug.mode" value="" />
    <property name="javac.target" value="10" />
    <property name="ant.file.SIGMA-impl" value="/home/ramires/GIT/SIGMA/SIGMA/nbproject/build-impl.xml" />
    <property name="ant.version" value="Apache Ant(TM) version 1.10.4 compiled on June 19 2018" />
    <property name="platforms.JDK_10.home" value="/usr/lib/jvm/jdk-10.0.2" />
    <property name="libs.absolutelayout.maven-pom" value="" />
    <property name="javadoc.html5" value="false" />
    <property name="javac.test.processorpath" value="/usr/share/java/mysql-connector-java-8.0.13.jar:/home/ramires/.netbeans-9.0/java/modules/ext/AbsoluteLayout.jar:/home/ramires/.netbeans-9.0/platform/modules/ext/hamcrest-core-1.3.jar:/home/ramires/.netbeans-9.0/platform/modules/ext/junit-4.12.jar:/home/ramires/GIT/SIGMA/SIGMA/gson-2.6.2.jar:build/classes" />
    <property name="java.failonerror" value="true" />
    <property name="netbeans.dirs" value="/home/ramires/.netbeans-9.0/nb:/home/ramires/.netbeans-9.0/ergonomics:/home/ramires/.netbeans-9.0/ide:/home/ramires/.netbeans-9.0/extide:/home/ramires/.netbeans-9.0/java:/home/ramires/.netbeans-9.0/apisupport:/home/ramires/.netbeans-9.0/webcommon:/home/ramires/.netbeans-9.0/websvccommon:/home/ramires/.netbeans-9.0/enterprise:/home/ramires/.netbeans-9.0/mobility:/home/ramires/.netbeans-9.0/profiler:/home/ramires/.netbeans-9.0/python:/home/ramires/.netbeans-9.0/php:/home/ramires/.netbeans-9.0/identity:/home/ramires/.netbeans-9.0/harness:/home/ramires/.netbeans-9.0/cnd:/home/ramires/.netbeans-9.0/cndext:/home/ramires/.netbeans-9.0/dlight:/home/ramires/.netbeans-9.0/groovy:/home/ramires/.netbeans-9.0/extra:/home/ramires/.netbeans-9.0/javacard:/home/ramires/.netbeans-9.0/javafx:" />
    <property name="javac.modulepath" value="" />
    <property name="user.properties.file" value="/home/ramires/.netbeans/9.0/build.properties" />
    <property name="platforms.JDK11.compiler" value="modern" />
    <property name="javac.includes" value="model/dao/TerrenoDAOTest.java" />
    <property name="libs.hamcrest.maven-pom" value="" />
    <property name="netbeans.autoupdate.country" value="BR" />
    <property name="file.encoding.pkg" value="sun.io" />
    <property name="javac.processorpath" value="/usr/share/java/mysql-connector-java-8.0.13.jar:/home/ramires/.netbeans-9.0/java/modules/ext/AbsoluteLayout.jar:/home/ramires/.netbeans-9.0/platform/modules/ext/hamcrest-core-1.3.jar:/home/ramires/.netbeans-9.0/platform/modules/ext/junit-4.12.jar:/home/ramires/GIT/SIGMA/SIGMA/gson-2.6.2.jar" />
    <property name="java.class.path" value="/usr/share/java/mysql-connector-java-8.0.13.jar:/home/ramires/.netbeans-9.0/java/modules/ext/AbsoluteLayout.jar:/home/ramires/.netbeans-9.0/platform/modules/ext/hamcrest-core-1.3.jar:/home/ramires/.netbeans-9.0/platform/modules/ext/junit-4.12.jar:/home/ramires/GIT/SIGMA/SIGMA/gson-2.6.2.jar:/home/ramires/GIT/SIGMA/SIGMA/build/classes:/home/ramires/GIT/SIGMA/SIGMA/build/test/classes:/home/ramires/.netbeans-9.0/extide/ant/lib/ant-launcher.jar:/home/ramires/.netbeans-9.0/extide/ant/lib/ant.jar:/home/ramires/.netbeans-9.0/extide/ant/lib/ant-junit.jar:/home/ramires/.netbeans-9.0/extide/ant/lib/ant-junit4.jar" />
    <property name="netbeans.accept_license_class" value="org.netbeans.license.AcceptLicense" />
    <property name="libs.JWSAntTasks.maven-pom" value="" />
    <property name="java.vm.vendor" value="&quot;Oracle Corporation&quot;" />
    <property name="ant.file.type.SIGMA" value="file" />
    <property name="platform.javac.tmp" value="${platforms.JDK_10.javac}" />
    <property name="ap.supported.internal" value="true" />
    <property name="netbeans.home+have.tests" value="true" />
    <property name="run.modulepath" value="" />
    <property name="javac.upgrademodulepath" value="" />
    <property name="test.binaryexcludes" value="" />
    <property name="do.archive+manifest.available" value="true" />
    <property name="javac.compilerargs" value="" />
    <property name="apple.laf.useScreenMenuBar" value="true" />
    <property name="user.country" value="BR" />
    <property name="sun.java.launcher" value="SUN_STANDARD" />
    <property name="libs.jpa20-persistence.src" value="" />
    <property name="endorsed.classpath" value="" />
    <property name="javac.test.sourcepath" value="/home/ramires/GIT/SIGMA/SIGMA/build/empty" />
    <property name="sun.cpu.endian" value="little" />
    <property name="libs.junit_4.src" value="/home/ramires/.netbeans-9.0/platform/docs/junit-4.12-sources.jar" />
    <property name="user.language" value="pt" />
    <property name="copylibs.rebase" value="true" />
    <property name="includes" value="**" />
    <property name="javadoc.nonavbar" value="false" />
    <property name="platforms.JDK_10.bootclasspath" value="/usr/lib/jvm/jdk-10.0.2/!/modules/java.activation/:/usr/lib/jvm/jdk-10.0.2/!/modules/java.base/:/usr/lib/jvm/jdk-10.0.2/!/modules/java.compiler/:/usr/lib/jvm/jdk-10.0.2/!/modules/java.corba/:/usr/lib/jvm/jdk-10.0.2/!/modules/java.datatransfer/:/usr/lib/jvm/jdk-10.0.2/!/modules/java.desktop/:/usr/lib/jvm/jdk-10.0.2/!/modules/java.instrument/:/usr/lib/jvm/jdk-10.0.2/!/modules/java.jnlp/:/usr/lib/jvm/jdk-10.0.2/!/modules/java.logging/:/usr/lib/jvm/jdk-10.0.2/!/modules/java.management/:/usr/lib/jvm/jdk-10.0.2/!/modules/java.management.rmi/:/usr/lib/jvm/jdk-10.0.2/!/modules/java.naming/:/usr/lib/jvm/jdk-10.0.2/!/modules/java.prefs/:/usr/lib/jvm/jdk-10.0.2/!/modules/java.rmi/:/usr/lib/jvm/jdk-10.0.2/!/modules/java.scripting/:/usr/lib/jvm/jdk-10.0.2/!/modules/java.se/:/usr/lib/jvm/jdk-10.0.2/!/modules/java.se.ee/:/usr/lib/jvm/jdk-10.0.2/!/modules/java.security.jgss/:/usr/lib/jvm/jdk-10.0.2/!/modules/java.security.sasl/:/usr/lib/jvm/jdk-10.0.2/!/modules/java.smartcardio/:/usr/lib/jvm/jdk-10.0.2/!/modules/java.sql/:/usr/lib/jvm/jdk-10.0.2/!/modules/java.sql.rowset/:/usr/lib/jvm/jdk-10.0.2/!/modules/java.transaction/:/usr/lib/jvm/jdk-10.0.2/!/modules/java.xml/:/usr/lib/jvm/jdk-10.0.2/!/modules/java.xml.bind/:/usr/lib/jvm/jdk-10.0.2/!/modules/java.xml.crypto/:/usr/lib/jvm/jdk-10.0.2/!/modules/java.xml.ws/:/usr/lib/jvm/jdk-10.0.2/!/modules/java.xml.ws.annotation/:/usr/lib/jvm/jdk-10.0.2/!/modules/javafx.base/:/usr/lib/jvm/jdk-10.0.2/!/modules/javafx.controls/:/usr/lib/jvm/jdk-10.0.2/!/modules/javafx.deploy/:/usr/lib/jvm/jdk-10.0.2/!/modules/javafx.fxml/:/usr/lib/jvm/jdk-10.0.2/!/modules/javafx.graphics/:/usr/lib/jvm/jdk-10.0.2/!/modules/javafx.media/:/usr/lib/jvm/jdk-10.0.2/!/modules/javafx.swing/:/usr/lib/jvm/jdk-10.0.2/!/modules/javafx.web/:/usr/lib/jvm/jdk-10.0.2/!/modules/jdk.accessibility/:/usr/lib/jvm/jdk-10.0.2/!/modules/jdk.aot/:/usr/lib/jvm/jdk-10.0.2/!/modules/jdk.attach/:/usr/lib/jvm/jdk-10.0.2/!/modules/jdk.charsets/:/usr/lib/jvm/jdk-10.0.2/!/modules/jdk.compiler/:/usr/lib/jvm/jdk-10.0.2/!/modules/jdk.crypto.cryptoki/:/usr/lib/jvm/jdk-10.0.2/!/modules/jdk.crypto.ec/:/usr/lib/jvm/jdk-10.0.2/!/modules/jdk.deploy/:/usr/lib/jvm/jdk-10.0.2/!/modules/jdk.deploy.controlpanel/:/usr/lib/jvm/jdk-10.0.2/!/modules/jdk.dynalink/:/usr/lib/jvm/jdk-10.0.2/!/modules/jdk.editpad/:/usr/lib/jvm/jdk-10.0.2/!/modules/jdk.hotspot.agent/:/usr/lib/jvm/jdk-10.0.2/!/modules/jdk.httpserver/:/usr/lib/jvm/jdk-10.0.2/!/modules/jdk.incubator.httpclient/:/usr/lib/jvm/jdk-10.0.2/!/modules/jdk.internal.ed/:/usr/lib/jvm/jdk-10.0.2/!/modules/jdk.internal.jvmstat/:/usr/lib/jvm/jdk-10.0.2/!/modules/jdk.internal.le/:/usr/lib/jvm/jdk-10.0.2/!/modules/jdk.internal.opt/:/usr/lib/jvm/jdk-10.0.2/!/modules/jdk.internal.vm.ci/:/usr/lib/jvm/jdk-10.0.2/!/modules/jdk.internal.vm.compiler/:/usr/lib/jvm/jdk-10.0.2/!/modules/jdk.internal.vm.compiler.management/:/usr/lib/jvm/jdk-10.0.2/!/modules/jdk.jartool/:/usr/lib/jvm/jdk-10.0.2/!/modules/jdk.javadoc/:/usr/lib/jvm/jdk-10.0.2/!/modules/jdk.javaws/:/usr/lib/jvm/jdk-10.0.2/!/modules/jdk.jcmd/:/usr/lib/jvm/jdk-10.0.2/!/modules/jdk.jconsole/:/usr/lib/jvm/jdk-10.0.2/!/modules/jdk.jdeps/:/usr/lib/jvm/jdk-10.0.2/!/modules/jdk.jdi/:/usr/lib/jvm/jdk-10.0.2/!/modules/jdk.jdwp.agent/:/usr/lib/jvm/jdk-10.0.2/!/modules/jdk.jfr/:/usr/lib/jvm/jdk-10.0.2/!/modules/jdk.jlink/:/usr/lib/jvm/jdk-10.0.2/!/modules/jdk.jshell/:/usr/lib/jvm/jdk-10.0.2/!/modules/jdk.jsobject/:/usr/lib/jvm/jdk-10.0.2/!/modules/jdk.jstatd/:/usr/lib/jvm/jdk-10.0.2/!/modules/jdk.localedata/:/usr/lib/jvm/jdk-10.0.2/!/modules/jdk.management/:/usr/lib/jvm/jdk-10.0.2/!/modules/jdk.management.agent/:/usr/lib/jvm/jdk-10.0.2/!/modules/jdk.management.cmm/:/usr/lib/jvm/jdk-10.0.2/!/modules/jdk.management.jfr/:/usr/lib/jvm/jdk-10.0.2/!/modules/jdk.management.resource/:/usr/lib/jvm/jdk-10.0.2/!/modules/jdk.naming.dns/:/usr/lib/jvm/jdk-10.0.2/!/modules/jdk.naming.rmi/:/usr/lib/jvm/jdk-10.0.2/!/modules/jdk.net/:/usr/lib/jvm/jdk-10.0.2/!/modules/jdk.pack/:/usr/lib/jvm/jdk-10.0.2/!/modules/jdk.packager/:/usr/lib/jvm/jdk-10.0.2/!/modules/jdk.packager.services/:/usr/lib/jvm/jdk-10.0.2/!/modules/jdk.plugin/:/usr/lib/jvm/jdk-10.0.2/!/modules/jdk.plugin.server/:/usr/lib/jvm/jdk-10.0.2/!/modules/jdk.rmic/:/usr/lib/jvm/jdk-10.0.2/!/modules/jdk.scripting.nashorn/:/usr/lib/jvm/jdk-10.0.2/!/modules/jdk.scripting.nashorn.shell/:/usr/lib/jvm/jdk-10.0.2/!/modules/jdk.sctp/:/usr/lib/jvm/jdk-10.0.2/!/modules/jdk.security.auth/:/usr/lib/jvm/jdk-10.0.2/!/modules/jdk.security.jgss/:/usr/lib/jvm/jdk-10.0.2/!/modules/jdk.snmp/:/usr/lib/jvm/jdk-10.0.2/!/modules/jdk.unsupported/:/usr/lib/jvm/jdk-10.0.2/!/modules/jdk.xml.bind/:/usr/lib/jvm/jdk-10.0.2/!/modules/jdk.xml.dom/:/usr/lib/jvm/jdk-10.0.2/!/modules/jdk.xml.ws/:/usr/lib/jvm/jdk-10.0.2/!/modules/jdk.zipfs/:/usr/lib/jvm/jdk-10.0.2/!/modules/oracle.desktop/:/usr/lib/jvm/jdk-10.0.2/!/modules/oracle.net/" />
    <property name="ant.java.version" value="10" />
    <property name="libs.junit_4.classpath" value="/home/ramires/.netbeans-9.0/platform/modules/ext/junit-4.12.jar" />
    <property name="libs.hamcrest.classpath" value="/home/ramires/.netbeans-9.0/platform/modules/ext/hamcrest-core-1.3.jar" />
    <property name="jlink.launcher.name" value="SIGMA" />
    <property name="javadoc.splitindex" value="true" />
    <property name="libs.JWSAntTasks.classpath" value="/home/ramires/.netbeans-9.0/java/ant/extra/org-netbeans-modules-javawebstart-anttasks.jar" />
    <property name="junit.available" value="true" />
    <property name="test.binarytestincludes" value="" />
    <property name="javac.processormodulepath" value="" />
    <property name="libs.junit_4.maven-pom" value="" />
    <property name="runtime.encoding" value="UTF-8" />
    <property name="javadoc.encoding" value="UTF-8" />
    <property name="javac.classpath" value="/usr/share/java/mysql-connector-java-8.0.13.jar:/home/ramires/.netbeans-9.0/java/modules/ext/AbsoluteLayout.jar:/home/ramires/.netbeans-9.0/platform/modules/ext/hamcrest-core-1.3.jar:/home/ramires/.netbeans-9.0/platform/modules/ext/junit-4.12.jar:/home/ramires/GIT/SIGMA/SIGMA/gson-2.6.2.jar" />
    <property name="libs.OWMJapi.javadoc" value="/home/ramires/GIT/SIGMA/SIGMA/OWM-JAPI/OWM JAPIs v2.5.2.3/libs/owm-japis-2.5.2.3-javadoc.jar" />
    <property name="dist.jlink.dir" value="dist/jlink" />
    <property name="netbeans.hash.code" value="unique=0c5f5379b-c06f-47e8-9950-4af76b124bd9_49bf2ff7-1e7e-42cd-8f8e-0b548d1a7bd8" />
    <property name="platform.javadoc" value="/usr/lib/jvm/jdk-10.0.2/bin/javadoc" />
    <property name="nb.junit.batch" value="true" />
    <property name="jlink.strip" value="false" />
    <property name="build.test.classes.dir" value="build/test/classes" />
    <property name="netbeans.running.environment" value="gnome" />
    <property name="java.runtime.name" value="Java(TM) SE Runtime Environment" />
    <property name="manifest.available" value="true" />
    <property name="libs.jaxb.javadoc" value="/home/ramires/.netbeans-9.0/ide/docs/jaxb-api-2.2.5-javadoc.jar" />
    <property name="libs.spring-framework300.maven-pom" value="" />
    <property name="ant.project.invoked-targets" value="test-single" />
    <property name="run.jvmargs.ide" value="" />
    <property name="ap.cmd.line.internal" value="" />
    <property name="jna.platform.library.path" value="/usr/lib/x86_64-linux-gnu:/lib/x86_64-linux-gnu:/usr/lib64:/lib64:/usr/lib:/lib:/lib/i386-linux-gnu:/usr/lib/i386-linux-gnu:/usr/lib/x86_64-linux-gnu/libfakeroot" />
    <property name="libs.MySQLDriver.src" value="" />
    <property name="libs.PostgreSQLDriver.src" value="" />
    <property name="platform.compiler" value="${platforms.JDK_10.compile}" />
    <property name="ant.core.lib" value="/home/ramires/.netbeans-9.0/extide/ant/lib/ant.jar" />
    <property name="java.vendor.url.bug" value="http://bugreport.java.com/bugreport/" />
    <property name="libs.GSON.src" value="" />
    <property name="annotation.processing.source.output" value="build/generated-sources/ap-source-output" />
    <property name="netbeans.logger.console" value="true" />
    <property name="user.dir" value="/home/ramires/GIT/SIGMA/SIGMA" />
    <property name="javac.profile.cmd.line.arg" value="" />
    <property name="platform.java" value="/usr/lib/jvm/jdk-10.0.2/bin/java" />
    <property name="libs.orgJSON.src" value="" />
    <property name="do.archive+main.class.available" value="true" />
    <property name="application.args" value="" />
    <property name="application.title" value="SIGMA" />
    <property name="javac.test.modulepath" value="" />
    <property name="org.xml.sax.driver" value="com.sun.org.apache.xerces.internal.jaxp.SAXParserImpl$JAXPSAXParser" />
    <property name="libs.PostgreSQLDriver.javadoc" value="" />
    <property name="libs.eclipselink.src" value="" />
    <property name="java.vm.version" value="10.0.2+13" />
    <property name="test.class" value="model.dao.TerrenoDAOTest" />
    <property name="sun.awt.datatransfer.timeout" value="1000" />
    <property name="annotation.processing.run.all.processors" value="true" />
    <property name="junit.forkmode" value="perTest" />
  </properties>
  <testcase classname="model.dao.TerrenoDAOTest" name="testRead" time="0.63" />
  <testcase classname="model.dao.TerrenoDAOTest" name="testReadOne" time="0.268" />
  <system-out><![CDATA[read
readOne
]]></system-out>
  <system-err><![CDATA[]]></system-err>
</testsuite>
